#
# There is insufficient memory for the Java Runtime Environment to continue.
# Native memory allocation (mmap) failed to map 65536 bytes for Failed to commit metaspace.
# Possible reasons:
#   The system is out of physical RAM or swap space
#   The process is running with CompressedOops enabled, and the Java Heap may be blocking the growth of the native heap
# Possible solutions:
#   Reduce memory load on the system
#   Increase physical memory or swap space
#   Check if swap backing store is full
#   Decrease Java heap size (-Xmx/-Xms)
#   Decrease number of Java threads
#   Decrease Java thread stack sizes (-Xss)
#   Set larger code cache with -XX:ReservedCodeCacheSize=
#   JVM is running with Unscaled Compressed Oops mode in which the Java heap is
#     placed in the first 4GB address space. The Java Heap base address is the
#     maximum limit for the native heap growth. Please use -XX:HeapBaseMinAddress
#     to set the Java Heap base and to place the Java Heap above 4GB virtual address.
# This output file may be truncated or incomplete.
#
#  Out of Memory Error (virtualSpaceNode.cpp:110), pid=5564, tid=3380
#
# JRE version: Java(TM) SE Runtime Environment (18.0.2.1+1) (build 18.0.2.1+1-1)
# Java VM: Java HotSpot(TM) 64-Bit Server VM (18.0.2.1+1-1, mixed mode, tiered, compressed oops, compressed class ptrs, g1 gc, windows-amd64)
# No core dump will be written. Minidumps are not enabled by default on client versions of Windows
#

---------------  S U M M A R Y ------------

Command Line: -Xmx64m -Xms64m -Dorg.gradle.appname=gradlew org.gradle.wrapper.GradleWrapperMain app:installDebug -PreactNativeDevServerPort=8081

Host: Intel(R) Core(TM) i5-1035G1 CPU @ 1.00GHz, 8 cores, 7G,  Windows 10 , 64 bit Build 19041 (10.0.19041.2546)
Time: Wed Apr  5 19:27:49 2023 Hora oficial do Brasil elapsed time: 0.376793 seconds (0d 0h 0m 0s)

---------------  T H R E A D  ---------------

Current thread (0x00000213efb5d780):  JavaThread "main" [_thread_in_vm, id=3380, stack(0x0000004c32000000,0x0000004c32100000)]

Stack: [0x0000004c32000000,0x0000004c32100000]
Native frames: (J=compiled Java code, j=interpreted, Vv=VM code, C=native code)
V  [jvm.dll+0x6993aa]
V  [jvm.dll+0x7f46dd]
V  [jvm.dll+0x7f5fee]
V  [jvm.dll+0x7f66a3]
V  [jvm.dll+0x25cf1f]
V  [jvm.dll+0x7f03eb]
V  [jvm.dll+0x63f526]
V  [jvm.dll+0x63f58a]
V  [jvm.dll+0x641e0e]
V  [jvm.dll+0x641cce]
V  [jvm.dll+0x63feee]
V  [jvm.dll+0x38e1f2]
V  [jvm.dll+0x1fa60b]
V  [jvm.dll+0x55dc2e]
V  [jvm.dll+0x209c17]
V  [jvm.dll+0x76dd8d]
V  [jvm.dll+0x76f0c6]
V  [jvm.dll+0x76f851]
V  [jvm.dll+0x20109f]
V  [jvm.dll+0x20380b]
V  [jvm.dll+0x1f8d61]
V  [jvm.dll+0x55dc05]
V  [jvm.dll+0x209c17]
V  [jvm.dll+0x76dd8d]
V  [jvm.dll+0x76f0c6]
V  [jvm.dll+0x76f851]
V  [jvm.dll+0x203b64]
V  [jvm.dll+0x1f8d7a]
V  [jvm.dll+0x55dc05]
V  [jvm.dll+0x209c17]
V  [jvm.dll+0x76dd8d]
V  [jvm.dll+0x76f0c6]
V  [jvm.dll+0x76f3f8]
V  [jvm.dll+0x255346]
V  [jvm.dll+0x25558f]
V  [jvm.dll+0x57c6c8]
V  [jvm.dll+0x57f537]
V  [jvm.dll+0x3a4da3]
V  [jvm.dll+0x3a443f]
C  0x000002138001a56c

Java frames: (J=compiled Java code, j=interpreted, Vv=VM code)
j  java.io.RandomAccessFile.getChannel()Ljava/nio/channels/FileChannel;+38 java.base@18.0.2.1
j  org.gradle.wrapper.ExclusiveFileAccessManager.access(Ljava/io/File;Ljava/util/concurrent/Callable;)Ljava/lang/Object;+144
j  org.gradle.wrapper.Install.createDist(Lorg/gradle/wrapper/WrapperConfiguration;)Ljava/io/File;+55
j  org.gradle.wrapper.WrapperExecutor.execute([Ljava/lang/String;Lorg/gradle/wrapper/Install;Lorg/gradle/wrapper/BootstrapMainStarter;)V+5
j  org.gradle.wrapper.GradleWrapperMain.main([Ljava/lang/String;)V+190
v  ~StubRoutines::call_stub

---------------  P R O C E S S  ---------------

Threads class SMR info:
_java_thread_list=0x000002139364ff40, length=12, elements={
0x00000213efb5d780, 0x000002138f187150, 0x000002138f189c90, 0x000002138f19e500,
0x000002138f19eea0, 0x000002138f1a39e0, 0x000002138f1a1850, 0x000002138f1c5ee0,
0x000002138f1ce7e0, 0x000002138f1e18a0, 0x0000021393642bf0, 0x0000021393650090
}

Java Threads: ( => current thread )
=>0x00000213efb5d780 JavaThread "main" [_thread_in_vm, id=3380, stack(0x0000004c32000000,0x0000004c32100000)]
  0x000002138f187150 JavaThread "Reference Handler" daemon [_thread_blocked, id=400, stack(0x0000004c32700000,0x0000004c32800000)]
  0x000002138f189c90 JavaThread "Finalizer" daemon [_thread_blocked, id=16556, stack(0x0000004c32800000,0x0000004c32900000)]
  0x000002138f19e500 JavaThread "Signal Dispatcher" daemon [_thread_blocked, id=4376, stack(0x0000004c32900000,0x0000004c32a00000)]
  0x000002138f19eea0 JavaThread "Attach Listener" daemon [_thread_blocked, id=7776, stack(0x0000004c32a00000,0x0000004c32b00000)]
  0x000002138f1a39e0 JavaThread "Service Thread" daemon [_thread_blocked, id=10760, stack(0x0000004c32b00000,0x0000004c32c00000)]
  0x000002138f1a1850 JavaThread "Monitor Deflation Thread" daemon [_thread_blocked, id=3536, stack(0x0000004c32c00000,0x0000004c32d00000)]
  0x000002138f1c5ee0 JavaThread "C2 CompilerThread0" daemon [_thread_blocked, id=2916, stack(0x0000004c32d00000,0x0000004c32e00000)]
  0x000002138f1ce7e0 JavaThread "C1 CompilerThread0" daemon [_thread_blocked, id=2060, stack(0x0000004c32e00000,0x0000004c32f00000)]
  0x000002138f1e18a0 JavaThread "Sweeper thread" daemon [_thread_blocked, id=7164, stack(0x0000004c32f00000,0x0000004c33000000)]
  0x0000021393642bf0 JavaThread "Notification Thread" daemon [_thread_blocked, id=14752, stack(0x0000004c33000000,0x0000004c33100000)]
  0x0000021393650090 JavaThread "Common-Cleaner" daemon [_thread_blocked, id=16140, stack(0x0000004c33200000,0x0000004c33300000)]

Other Threads:
  0x000002138f172350 VMThread "VM Thread" [stack: 0x0000004c32600000,0x0000004c32700000] [id=10020]
  0x00000213936438d0 WatcherThread "VM Periodic Task Thread" [stack: 0x0000004c33100000,0x0000004c33200000] [id=15128]
  0x00000213efb844d0 WorkerThread "GC Thread#0" [stack: 0x0000004c32100000,0x0000004c32200000] [id=16488]
  0x00000213efb872b0 ConcurrentGCThread "G1 Main Marker" [stack: 0x0000004c32200000,0x0000004c32300000] [id=16416]
  0x00000213efb87ba0 WorkerThread "G1 Conc#0" [stack: 0x0000004c32300000,0x0000004c32400000] [id=15768]
  0x00000213efbbf4e0 ConcurrentGCThread "G1 Refine#0" [stack: 0x0000004c32400000,0x0000004c32500000] [id=12848]
  0x00000213efbbfdf0 ConcurrentGCThread "G1 Service" [stack: 0x0000004c32500000,0x0000004c32600000] [id=5212]

Threads with active compile tasks:

VM state: not at safepoint (normal execution)

VM Mutex/Monitor currently owned by a thread:  ([mutex/lock_event])
[0x00000213ed5e2650] Metaspace_lock - owner thread: 0x00000213efb5d780

Heap address: 0x00000000fc000000, size: 64 MB, Compressed Oops mode: 32-bit

CDS archive(s) not mapped
Compressed class space mapped at: 0x0000000100000000-0x0000000140000000, reserved size: 1073741824
Narrow klass base: 0x0000000000000000, Narrow klass shift: 3, Narrow klass range: 0x140000000

GC Precious Log:
 CardTable entry size: 512
 Card Set container configuration: InlinePtr #cards 5 size 8 Array Of Cards #cards 12 size 40 Howl #buckets 4 coarsen threshold 1843 Howl Bitmap #cards 512 size 80 coarsen threshold 460 Card regions per heap region 1 cards per card region 2048
 CPUs: 8 total, 8 available
 Memory: 7880M
 Large Page Support: Disabled
 NUMA Support: Disabled
 Compressed Oops: Enabled (32-bit)
 Heap Region Size: 1M
 Heap Min Capacity: 64M
 Heap Initial Capacity: 64M
 Heap Max Capacity: 64M
 Pre-touch: Disabled
 Parallel Workers: 8
 Concurrent Workers: 2
 Concurrent Refinement Workers: 8
 Periodic GC: Disabled

Heap:
 garbage-first heap   total 65536K, used 2048K [0x00000000fc000000, 0x0000000100000000)
  region size 1024K, 3 young (3072K), 0 survivors (0K)
 Metaspace       used 6970K, committed 7040K, reserved 1114112K
  class space    used 574K, committed 640K, reserved 1048576K

Heap Regions: E=young(eden), S=young(survivor), O=old, HS=humongous(starts), HC=humongous(continues), CS=collection set, F=free, OA=open archive, CA=closed archive, TAMS=top-at-mark-start (previous, next)
|   0|0x00000000fc000000, 0x00000000fc000000, 0x00000000fc100000|  0%| F|  |TAMS 0x00000000fc000000, 0x00000000fc000000| Untracked 
|   1|0x00000000fc100000, 0x00000000fc100000, 0x00000000fc200000|  0%| F|  |TAMS 0x00000000fc100000, 0x00000000fc100000| Untracked 
|   2|0x00000000fc200000, 0x00000000fc200000, 0x00000000fc300000|  0%| F|  |TAMS 0x00000000fc200000, 0x00000000fc200000| Untracked 
|   3|0x00000000fc300000, 0x00000000fc300000, 0x00000000fc400000|  0%| F|  |TAMS 0x00000000fc300000, 0x00000000fc300000| Untracked 
|   4|0x00000000fc400000, 0x00000000fc400000, 0x00000000fc500000|  0%| F|  |TAMS 0x00000000fc400000, 0x00000000fc400000| Untracked 
|   5|0x00000000fc500000, 0x00000000fc500000, 0x00000000fc600000|  0%| F|  |TAMS 0x00000000fc500000, 0x00000000fc500000| Untracked 
|   6|0x00000000fc600000, 0x00000000fc600000, 0x00000000fc700000|  0%| F|  |TAMS 0x00000000fc600000, 0x00000000fc600000| Untracked 
|   7|0x00000000fc700000, 0x00000000fc700000, 0x00000000fc800000|  0%| F|  |TAMS 0x00000000fc700000, 0x00000000fc700000| Untracked 
|   8|0x00000000fc800000, 0x00000000fc800000, 0x00000000fc900000|  0%| F|  |TAMS 0x00000000fc800000, 0x00000000fc800000| Untracked 
|   9|0x00000000fc900000, 0x00000000fc900000, 0x00000000fca00000|  0%| F|  |TAMS 0x00000000fc900000, 0x00000000fc900000| Untracked 
|  10|0x00000000fca00000, 0x00000000fca00000, 0x00000000fcb00000|  0%| F|  |TAMS 0x00000000fca00000, 0x00000000fca00000| Untracked 
|  11|0x00000000fcb00000, 0x00000000fcb00000, 0x00000000fcc00000|  0%| F|  |TAMS 0x00000000fcb00000, 0x00000000fcb00000| Untracked 
|  12|0x00000000fcc00000, 0x00000000fcc00000, 0x00000000fcd00000|  0%| F|  |TAMS 0x00000000fcc00000, 0x00000000fcc00000| Untracked 
|  13|0x00000000fcd00000, 0x00000000fcd00000, 0x00000000fce00000|  0%| F|  |TAMS 0x00000000fcd00000, 0x00000000fcd00000| Untracked 
|  14|0x00000000fce00000, 0x00000000fce00000, 0x00000000fcf00000|  0%| F|  |TAMS 0x00000000fce00000, 0x00000000fce00000| Untracked 
|  15|0x00000000fcf00000, 0x00000000fcf00000, 0x00000000fd000000|  0%| F|  |TAMS 0x00000000fcf00000, 0x00000000fcf00000| Untracked 
|  16|0x00000000fd000000, 0x00000000fd000000, 0x00000000fd100000|  0%| F|  |TAMS 0x00000000fd000000, 0x00000000fd000000| Untracked 
|  17|0x00000000fd100000, 0x00000000fd100000, 0x00000000fd200000|  0%| F|  |TAMS 0x00000000fd100000, 0x00000000fd100000| Untracked 
|  18|0x00000000fd200000, 0x00000000fd200000, 0x00000000fd300000|  0%| F|  |TAMS 0x00000000fd200000, 0x00000000fd200000| Untracked 
|  19|0x00000000fd300000, 0x00000000fd300000, 0x00000000fd400000|  0%| F|  |TAMS 0x00000000fd300000, 0x00000000fd300000| Untracked 
|  20|0x00000000fd400000, 0x00000000fd400000, 0x00000000fd500000|  0%| F|  |TAMS 0x00000000fd400000, 0x00000000fd400000| Untracked 
|  21|0x00000000fd500000, 0x00000000fd500000, 0x00000000fd600000|  0%| F|  |TAMS 0x00000000fd500000, 0x00000000fd500000| Untracked 
|  22|0x00000000fd600000, 0x00000000fd600000, 0x00000000fd700000|  0%| F|  |TAMS 0x00000000fd600000, 0x00000000fd600000| Untracked 
|  23|0x00000000fd700000, 0x00000000fd700000, 0x00000000fd800000|  0%| F|  |TAMS 0x00000000fd700000, 0x00000000fd700000| Untracked 
|  24|0x00000000fd800000, 0x00000000fd800000, 0x00000000fd900000|  0%| F|  |TAMS 0x00000000fd800000, 0x00000000fd800000| Untracked 
|  25|0x00000000fd900000, 0x00000000fd900000, 0x00000000fda00000|  0%| F|  |TAMS 0x00000000fd900000, 0x00000000fd900000| Untracked 
|  26|0x00000000fda00000, 0x00000000fda00000, 0x00000000fdb00000|  0%| F|  |TAMS 0x00000000fda00000, 0x00000000fda00000| Untracked 
|  27|0x00000000fdb00000, 0x00000000fdb00000, 0x00000000fdc00000|  0%| F|  |TAMS 0x00000000fdb00000, 0x00000000fdb00000| Untracked 
|  28|0x00000000fdc00000, 0x00000000fdc00000, 0x00000000fdd00000|  0%| F|  |TAMS 0x00000000fdc00000, 0x00000000fdc00000| Untracked 
|  29|0x00000000fdd00000, 0x00000000fdd00000, 0x00000000fde00000|  0%| F|  |TAMS 0x00000000fdd00000, 0x00000000fdd00000| Untracked 
|  30|0x00000000fde00000, 0x00000000fde00000, 0x00000000fdf00000|  0%| F|  |TAMS 0x00000000fde00000, 0x00000000fde00000| Untracked 
|  31|0x00000000fdf00000, 0x00000000fdf00000, 0x00000000fe000000|  0%| F|  |TAMS 0x00000000fdf00000, 0x00000000fdf00000| Untracked 
|  32|0x00000000fe000000, 0x00000000fe000000, 0x00000000fe100000|  0%| F|  |TAMS 0x00000000fe000000, 0x00000000fe000000| Untracked 
|  33|0x00000000fe100000, 0x00000000fe100000, 0x00000000fe200000|  0%| F|  |TAMS 0x00000000fe100000, 0x00000000fe100000| Untracked 
|  34|0x00000000fe200000, 0x00000000fe200000, 0x00000000fe300000|  0%| F|  |TAMS 0x00000000fe200000, 0x00000000fe200000| Untracked 
|  35|0x00000000fe300000, 0x00000000fe300000, 0x00000000fe400000|  0%| F|  |TAMS 0x00000000fe300000, 0x00000000fe300000| Untracked 
|  36|0x00000000fe400000, 0x00000000fe400000, 0x00000000fe500000|  0%| F|  |TAMS 0x00000000fe400000, 0x00000000fe400000| Untracked 
|  37|0x00000000fe500000, 0x00000000fe500000, 0x00000000fe600000|  0%| F|  |TAMS 0x00000000fe500000, 0x00000000fe500000| Untracked 
|  38|0x00000000fe600000, 0x00000000fe600000, 0x00000000fe700000|  0%| F|  |TAMS 0x00000000fe600000, 0x00000000fe600000| Untracked 
|  39|0x00000000fe700000, 0x00000000fe700000, 0x00000000fe800000|  0%| F|  |TAMS 0x00000000fe700000, 0x00000000fe700000| Untracked 
|  40|0x00000000fe800000, 0x00000000fe800000, 0x00000000fe900000|  0%| F|  |TAMS 0x00000000fe800000, 0x00000000fe800000| Untracked 
|  41|0x00000000fe900000, 0x00000000fe900000, 0x00000000fea00000|  0%| F|  |TAMS 0x00000000fe900000, 0x00000000fe900000| Untracked 
|  42|0x00000000fea00000, 0x00000000fea00000, 0x00000000feb00000|  0%| F|  |TAMS 0x00000000fea00000, 0x00000000fea00000| Untracked 
|  43|0x00000000feb00000, 0x00000000feb00000, 0x00000000fec00000|  0%| F|  |TAMS 0x00000000feb00000, 0x00000000feb00000| Untracked 
|  44|0x00000000fec00000, 0x00000000fec00000, 0x00000000fed00000|  0%| F|  |TAMS 0x00000000fec00000, 0x00000000fec00000| Untracked 
|  45|0x00000000fed00000, 0x00000000fed00000, 0x00000000fee00000|  0%| F|  |TAMS 0x00000000fed00000, 0x00000000fed00000| Untracked 
|  46|0x00000000fee00000, 0x00000000fee00000, 0x00000000fef00000|  0%| F|  |TAMS 0x00000000fee00000, 0x00000000fee00000| Untracked 
|  47|0x00000000fef00000, 0x00000000fef00000, 0x00000000ff000000|  0%| F|  |TAMS 0x00000000fef00000, 0x00000000fef00000| Untracked 
|  48|0x00000000ff000000, 0x00000000ff000000, 0x00000000ff100000|  0%| F|  |TAMS 0x00000000ff000000, 0x00000000ff000000| Untracked 
|  49|0x00000000ff100000, 0x00000000ff100000, 0x00000000ff200000|  0%| F|  |TAMS 0x00000000ff100000, 0x00000000ff100000| Untracked 
|  50|0x00000000ff200000, 0x00000000ff200000, 0x00000000ff300000|  0%| F|  |TAMS 0x00000000ff200000, 0x00000000ff200000| Untracked 
|  51|0x00000000ff300000, 0x00000000ff300000, 0x00000000ff400000|  0%| F|  |TAMS 0x00000000ff300000, 0x00000000ff300000| Untracked 
|  52|0x00000000ff400000, 0x00000000ff400000, 0x00000000ff500000|  0%| F|  |TAMS 0x00000000ff400000, 0x00000000ff400000| Untracked 
|  53|0x00000000ff500000, 0x00000000ff500000, 0x00000000ff600000|  0%| F|  |TAMS 0x00000000ff500000, 0x00000000ff500000| Untracked 
|  54|0x00000000ff600000, 0x00000000ff600000, 0x00000000ff700000|  0%| F|  |TAMS 0x00000000ff600000, 0x00000000ff600000| Untracked 
|  55|0x00000000ff700000, 0x00000000ff700000, 0x00000000ff800000|  0%| F|  |TAMS 0x00000000ff700000, 0x00000000ff700000| Untracked 
|  56|0x00000000ff800000, 0x00000000ff800000, 0x00000000ff900000|  0%| F|  |TAMS 0x00000000ff800000, 0x00000000ff800000| Untracked 
|  57|0x00000000ff900000, 0x00000000ff900000, 0x00000000ffa00000|  0%| F|  |TAMS 0x00000000ff900000, 0x00000000ff900000| Untracked 
|  58|0x00000000ffa00000, 0x00000000ffa00000, 0x00000000ffb00000|  0%| F|  |TAMS 0x00000000ffa00000, 0x00000000ffa00000| Untracked 
|  59|0x00000000ffb00000, 0x00000000ffb00000, 0x00000000ffc00000|  0%| F|  |TAMS 0x00000000ffb00000, 0x00000000ffb00000| Untracked 
|  60|0x00000000ffc00000, 0x00000000ffc00000, 0x00000000ffd00000|  0%| F|  |TAMS 0x00000000ffc00000, 0x00000000ffc00000| Untracked 
|  61|0x00000000ffd00000, 0x00000000ffd76440, 0x00000000ffe00000| 46%| E|  |TAMS 0x00000000ffd00000, 0x00000000ffd00000| Complete 
|  62|0x00000000ffe00000, 0x00000000fff00000, 0x00000000fff00000|100%| E|CS|TAMS 0x00000000ffe00000, 0x00000000ffe00000| Complete 
|  63|0x00000000fff00000, 0x0000000100000000, 0x0000000100000000|100%| E|CS|TAMS 0x00000000fff00000, 0x00000000fff00000| Complete 

Card table byte_map: [0x00000213ef240000,0x00000213ef260000] _byte_map_base: 0x00000213eea60000

Marking Bits (Prev, Next): (CMBitMap*) 0x00000213efb849d0, (CMBitMap*) 0x00000213efb84a10
 Prev Bits: [0x00000213f7790000, 0x00000213f7890000)
 Next Bits: [0x00000213f7890000, 0x00000213f7990000)

Polling page: 0x00000213ef0c0000

Metaspace:

Usage:
  Non-class:      6.25 MB used.
      Class:    574.91 KB used.
       Both:      6.81 MB used.

Virtual space:
  Non-class space:       64.00 MB reserved,       6.25 MB ( 10%) committed,  1 nodes.
      Class space:        1.00 GB reserved,     640.00 KB ( <1%) committed,  1 nodes.
             Both:        1.06 GB reserved,       6.88 MB ( <1%) committed. 

Chunk freelists:
   Non-Class:  1.00 MB
       Class:  3.23 MB
        Both:  4.23 MB

MaxMetaspaceSize: unlimited
CompressedClassSpaceSize: 1.00 GB
Initial GC threshold: 21.00 MB
Current GC threshold: 21.00 MB
CDS: off
MetaspaceReclaimPolicy: balanced
 - commit_granule_bytes: 65536.
 - commit_granule_words: 8192.
 - virtual_space_node_default_size: 8388608.
 - enlarge_chunks_in_place: 1.
 - new_chunks_are_fully_committed: 0.
 - uncommit_free_chunks: 1.
 - use_allocation_guard: 0.


Internal statistics:

num_allocs_failed_limit: 0.
num_arena_births: 6.
num_arena_deaths: 0.
num_vsnodes_births: 2.
num_vsnodes_deaths: 0.
num_space_committed: 110.
num_space_uncommitted: 0.
num_chunks_returned_to_freelist: 0.
num_chunks_taken_from_freelist: 32.
num_chunk_merges: 0.
num_chunk_splits: 12.
num_chunks_enlarged: 8.
num_inconsistent_stats: 0.

CodeHeap 'non-profiled nmethods': size=120000Kb used=46Kb max_used=46Kb free=119954Kb
 bounds [0x0000021387ad0000, 0x0000021387d40000, 0x000002138f000000]
CodeHeap 'profiled nmethods': size=120000Kb used=237Kb max_used=237Kb free=119762Kb
 bounds [0x00000213805a0000, 0x0000021380810000, 0x0000021387ad0000]
CodeHeap 'non-nmethods': size=5760Kb used=1139Kb max_used=1152Kb free=4620Kb
 bounds [0x0000021380000000, 0x0000021380270000, 0x00000213805a0000]
 total_blobs=580 nmethods=183 adapters=310
 compilation: enabled
              stopped_count=0, restarted_count=0
 full_count=0

Compilation events (20 events):
Event: 0.356 Thread 0x000002138f1ce7e0  163       3       java.util.Objects::nonNull (10 bytes)
Event: 0.356 Thread 0x000002138f1ce7e0 nmethod 163 0x00000213805d7a10 code [0x00000213805d7ba0, 0x00000213805d7cf8]
Event: 0.356 Thread 0x000002138f1ce7e0  173       3       java.lang.StringBuilder::<init> (7 bytes)
Event: 0.356 Thread 0x000002138f1ce7e0 nmethod 173 0x00000213805d7d90 code [0x00000213805d7f20, 0x00000213805d8068]
Event: 0.359 Thread 0x000002138f1ce7e0  175       3       java.lang.StringConcatHelper::newArray (26 bytes)
Event: 0.359 Thread 0x000002138f1c5ee0  174       4       java.lang.String::length (11 bytes)
Event: 0.360 Thread 0x000002138f1ce7e0 nmethod 175 0x00000213805d8110 code [0x00000213805d82c0, 0x00000213805d8508]
Event: 0.360 Thread 0x000002138f1ce7e0  176       3       jdk.internal.misc.Unsafe::allocateUninitializedArray (55 bytes)
Event: 0.360 Thread 0x000002138f1ce7e0 nmethod 176 0x00000213805d8610 code [0x00000213805d8800, 0x00000213805d8c58]
Event: 0.360 Thread 0x000002138f1ce7e0  177       3       jdk.internal.misc.Unsafe::allocateUninitializedArray0 (90 bytes)
Event: 0.361 Thread 0x000002138f1ce7e0 nmethod 177 0x00000213805d8e10 code [0x00000213805d9020, 0x00000213805d9958]
Event: 0.362 Thread 0x000002138f1c5ee0 nmethod 174 0x0000021387adab10 code [0x0000021387adac80, 0x0000021387adad18]
Event: 0.362 Thread 0x000002138f1ce7e0  178       1       java.lang.invoke.MethodType::form (5 bytes)
Event: 0.363 Thread 0x000002138f1ce7e0 nmethod 178 0x0000021387adb210 code [0x0000021387adb3a0, 0x0000021387adb478]
Event: 0.364 Thread 0x000002138f1ce7e0  181       3       java.io.WinNTFileSystem::isSlash (18 bytes)
Event: 0.364 Thread 0x000002138f1ce7e0 nmethod 181 0x00000213805d9a90 code [0x00000213805d9c20, 0x00000213805d9db8]
Event: 0.364 Thread 0x000002138f1ce7e0  182       3       java.lang.StringLatin1::replace (198 bytes)
Event: 0.365 Thread 0x000002138f1ce7e0 nmethod 182 0x00000213805d9e90 code [0x00000213805da120, 0x00000213805dae68]
Event: 0.365 Thread 0x000002138f1ce7e0  183       3       java.lang.Class::getName (18 bytes)
Event: 0.365 Thread 0x000002138f1ce7e0 nmethod 183 0x00000213805db310 code [0x00000213805db4c0, 0x00000213805db648]

GC Heap History (0 events):
No events

Deoptimization events (0 events):
No events

Classes loaded (20 events):
Event: 0.362 Loading class java/lang/constant/PrimitiveClassDescImpl done
Event: 0.362 Loading class java/lang/constant/DynamicConstantDesc$AnonymousDynamicConstantDesc
Event: 0.362 Loading class java/lang/constant/DynamicConstantDesc$AnonymousDynamicConstantDesc done
Event: 0.362 Loading class sun/security/provider/ByteArrayAccess
Event: 0.363 Loading class sun/security/provider/ByteArrayAccess done
Event: 0.363 Loading class java/lang/StrictMath
Event: 0.363 Loading class java/lang/StrictMath done
Event: 0.363 Loading class java/math/MutableBigInteger
Event: 0.363 Loading class java/math/MutableBigInteger done
Event: 0.366 Loading class sun/nio/ch/FileChannelImpl
Event: 0.367 Loading class java/nio/channels/FileChannel
Event: 0.367 Loading class java/nio/channels/SeekableByteChannel
Event: 0.367 Loading class java/nio/channels/ByteChannel
Event: 0.367 Loading class java/nio/channels/ReadableByteChannel
Event: 0.367 Loading class java/nio/channels/Channel
Event: 0.367 Loading class java/nio/channels/Channel done
Event: 0.367 Loading class java/nio/channels/ReadableByteChannel done
Event: 0.367 Loading class java/nio/channels/WritableByteChannel
Event: 0.367 Loading class java/nio/channels/WritableByteChannel done
Event: 0.367 Loading class java/nio/channels/ByteChannel done

Classes unloaded (0 events):
No events

Classes redefined (0 events):
No events

Internal exceptions (0 events):
No events

VM Operations (2 events):
Event: 0.250 Executing VM operation: HandshakeAllThreads
Event: 0.251 Executing VM operation: HandshakeAllThreads done

Events (17 events):
Event: 0.024 Loaded shared library C:\Program Files\Java\jdk-18.0.2.1\bin\java.dll
Event: 0.097 Loaded shared library C:\Program Files\Java\jdk-18.0.2.1\bin\jsvml.dll
Event: 0.097 Thread 0x00000213efb5d780 Thread added: 0x00000213efb5d780
Event: 0.111 Thread 0x000002138f187150 Thread added: 0x000002138f187150
Event: 0.112 Thread 0x000002138f189c90 Thread added: 0x000002138f189c90
Event: 0.148 Thread 0x000002138f19e500 Thread added: 0x000002138f19e500
Event: 0.148 Thread 0x000002138f19eea0 Thread added: 0x000002138f19eea0
Event: 0.149 Thread 0x000002138f1a39e0 Thread added: 0x000002138f1a39e0
Event: 0.149 Thread 0x000002138f1a1850 Thread added: 0x000002138f1a1850
Event: 0.149 Thread 0x000002138f1c5ee0 Thread added: 0x000002138f1c5ee0
Event: 0.149 Thread 0x000002138f1ce7e0 Thread added: 0x000002138f1ce7e0
Event: 0.150 Thread 0x000002138f1e18a0 Thread added: 0x000002138f1e18a0
Event: 0.202 Thread 0x0000021393642bf0 Thread added: 0x0000021393642bf0
Event: 0.214 Thread 0x0000021393650090 Thread added: 0x0000021393650090
Event: 0.228 Loaded shared library C:\Program Files\Java\jdk-18.0.2.1\bin\net.dll
Event: 0.232 Loaded shared library C:\Program Files\Java\jdk-18.0.2.1\bin\nio.dll
Event: 0.249 Loaded shared library C:\Program Files\Java\jdk-18.0.2.1\bin\zip.dll


Dynamic libraries:
0x00007ff6b7230000 - 0x00007ff6b7240000 	C:\Program Files\Java\jdk-18.0.2.1\bin\java.exe
0x00007fff923d0000 - 0x00007fff925c8000 	C:\Windows\SYSTEM32\ntdll.dll
0x00007fff91e50000 - 0x00007fff91f0f000 	C:\Windows\System32\KERNEL32.DLL
0x00007fff8ff30000 - 0x00007fff90202000 	C:\Windows\System32\KERNELBASE.dll
0x00007fff90210000 - 0x00007fff90310000 	C:\Windows\System32\ucrtbase.dll
0x00007fff7d710000 - 0x00007fff7d728000 	C:\Program Files\Java\jdk-18.0.2.1\bin\jli.dll
0x00007fff7d6f0000 - 0x00007fff7d70a000 	C:\Program Files\Java\jdk-18.0.2.1\bin\VCRUNTIME140.dll
0x00007fff90480000 - 0x00007fff9052e000 	C:\Windows\System32\ADVAPI32.dll
0x00007fff90dc0000 - 0x00007fff90e5e000 	C:\Windows\System32\msvcrt.dll
0x00007fff91f20000 - 0x00007fff91fbc000 	C:\Windows\System32\sechost.dll
0x00007fff92260000 - 0x00007fff92384000 	C:\Windows\System32\RPCRT4.dll
0x00007fff90e60000 - 0x00007fff91001000 	C:\Windows\System32\USER32.dll
0x00007fff8fb80000 - 0x00007fff8fba2000 	C:\Windows\System32\win32u.dll
0x00007fff91730000 - 0x00007fff9175b000 	C:\Windows\System32\GDI32.dll
0x00007fff90310000 - 0x00007fff9041f000 	C:\Windows\System32\gdi32full.dll
0x00007fff78e70000 - 0x00007fff7910a000 	C:\Windows\WinSxS\amd64_microsoft.windows.common-controls_6595b64144ccf1df_6.0.19041.1110_none_60b5254171f9507e\COMCTL32.dll
0x00007fff8fc50000 - 0x00007fff8fced000 	C:\Windows\System32\msvcp_win.dll
0x00007fff85aa0000 - 0x00007fff85aaa000 	C:\Windows\SYSTEM32\VERSION.dll
0x00007fff920e0000 - 0x00007fff92110000 	C:\Windows\System32\IMM32.DLL
0x00007fff5e6d0000 - 0x00007fff5e703000 	C:\Program Files (x86)\Panda Security\WAC\PSNMVHookMS64.dll
0x00007fff910f0000 - 0x00007fff91145000 	C:\Windows\System32\SHLWAPI.dll
0x00007fff917c0000 - 0x00007fff917c8000 	C:\Windows\System32\PSAPI.DLL
0x00007fff5cdf0000 - 0x00007fff5ce8c000 	C:\Program Files (x86)\Panda Security\WAC\PSNMVTools64.dll
0x00007fff91d20000 - 0x00007fff91e4a000 	C:\Windows\System32\ole32.dll
0x00007fff91300000 - 0x00007fff91655000 	C:\Windows\System32\combase.dll
0x00007fff8ebb0000 - 0x00007fff8ebe3000 	C:\Windows\SYSTEM32\ntmarta.dll
0x00007fff5cd80000 - 0x00007fff5cdf0000 	C:\Program Files (x86)\Panda Security\WAC\PSNMVComm64.dll
0x00007fff5f290000 - 0x00007fff5f2a8000 	C:\Program Files (x86)\Panda Security\WAC\PSNMVHookPlg64.dll
0x00007fff82a00000 - 0x00007fff82a0c000 	C:\Program Files\Java\jdk-18.0.2.1\bin\vcruntime140_1.dll
0x00007fff5eff0000 - 0x00007fff5f07d000 	C:\Program Files\Java\jdk-18.0.2.1\bin\msvcp140.dll
0x00007fff21b00000 - 0x00007fff22711000 	C:\Program Files\Java\jdk-18.0.2.1\bin\server\jvm.dll
0x00007fff79b20000 - 0x00007fff79b47000 	C:\Windows\SYSTEM32\WINMM.dll
0x00007fff77640000 - 0x00007fff77649000 	C:\Windows\SYSTEM32\WSOCK32.dll
0x00000213ef280000 - 0x00000213ef2eb000 	C:\Windows\System32\ws2_32.DLL
0x00007fff8e320000 - 0x00007fff8e332000 	C:\Windows\SYSTEM32\kernel.appcore.dll
0x00007fff7d740000 - 0x00007fff7d74a000 	C:\Program Files\Java\jdk-18.0.2.1\bin\jimage.dll
0x00007fff8a5a0000 - 0x00007fff8a784000 	C:\Windows\SYSTEM32\DBGHELP.DLL
0x00007fff79d80000 - 0x00007fff79db5000 	C:\Windows\SYSTEM32\dbgcore.DLL
0x00007fff8fea0000 - 0x00007fff8ff22000 	C:\Windows\System32\bcryptPrimitives.dll
0x00007fff72a70000 - 0x00007fff72a95000 	C:\Program Files\Java\jdk-18.0.2.1\bin\java.dll
0x00007fff5ef10000 - 0x00007fff5efe6000 	C:\Program Files\Java\jdk-18.0.2.1\bin\jsvml.dll
0x00007fff90670000 - 0x00007fff90db5000 	C:\Windows\System32\SHELL32.dll
0x00007fff8d9f0000 - 0x00007fff8e182000 	C:\Windows\SYSTEM32\windows.storage.dll
0x00007fff8f370000 - 0x00007fff8f3a0000 	C:\Windows\SYSTEM32\Wldp.dll
0x0000021393400000 - 0x00000213934ad000 	C:\Windows\System32\SHCORE.dll
0x00007fff8fa10000 - 0x00007fff8fa2f000 	C:\Windows\SYSTEM32\profapi.dll
0x00007fff67750000 - 0x00007fff67763000 	C:\Program Files\Java\jdk-18.0.2.1\bin\net.dll
0x00007fff8ea10000 - 0x00007fff8eb1a000 	C:\Windows\SYSTEM32\WINHTTP.dll
0x00007fff8f150000 - 0x00007fff8f1ba000 	C:\Windows\system32\mswsock.dll
0x00007fff67730000 - 0x00007fff67746000 	C:\Program Files\Java\jdk-18.0.2.1\bin\nio.dll
0x00007fff67710000 - 0x00007fff67728000 	C:\Program Files\Java\jdk-18.0.2.1\bin\zip.dll

dbghelp: loaded successfully - version: 4.0.5 - missing functions: none
symbol engine: initialized successfully - sym options: 0x614 - pdb path: .;C:\Program Files\Java\jdk-18.0.2.1\bin;C:\Windows\SYSTEM32;C:\Windows\WinSxS\amd64_microsoft.windows.common-controls_6595b64144ccf1df_6.0.19041.1110_none_60b5254171f9507e;C:\Program Files (x86)\Panda Security\WAC;C:\Program Files\Java\jdk-18.0.2.1\bin\server

VM Arguments:
jvm_args: -Xmx64m -Xms64m -Dorg.gradle.appname=gradlew 
java_command: org.gradle.wrapper.GradleWrapperMain app:installDebug -PreactNativeDevServerPort=8081
java_class_path (initial): C:\Users\leonardo.dorneles\Desktop\blueberry\p4gram\android\\gradle\wrapper\gradle-wrapper.jar
Launcher Type: SUN_STANDARD

[Global flags]
     intx CICompilerCount                          = 4                                         {product} {ergonomic}
     uint ConcGCThreads                            = 2                                         {product} {ergonomic}
     uint G1ConcRefinementThreads                  = 8                                         {product} {ergonomic}
   size_t G1HeapRegionSize                         = 1048576                                   {product} {ergonomic}
    uintx GCDrainStackTargetSize                   = 64                                        {product} {ergonomic}
   size_t InitialHeapSize                          = 67108864                                  {product} {command line}
   size_t MarkStackSize                            = 4194304                                   {product} {ergonomic}
   size_t MaxHeapSize                              = 67108864                                  {product} {command line}
   size_t MaxNewSize                               = 39845888                                  {product} {ergonomic}
   size_t MinHeapDeltaBytes                        = 1048576                                   {product} {ergonomic}
   size_t MinHeapSize                              = 67108864                                  {product} {command line}
    uintx NonNMethodCodeHeapSize                   = 5839372                                {pd product} {ergonomic}
    uintx NonProfiledCodeHeapSize                  = 122909434                              {pd product} {ergonomic}
    uintx ProfiledCodeHeapSize                     = 122909434                              {pd product} {ergonomic}
    uintx ReservedCodeCacheSize                    = 251658240                              {pd product} {ergonomic}
     bool SegmentedCodeCache                       = true                                      {product} {ergonomic}
   size_t SoftMaxHeapSize                          = 67108864                               {manageable} {ergonomic}
     bool UseCompressedClassPointers               = true                           {product lp64_product} {ergonomic}
     bool UseCompressedOops                        = true                           {product lp64_product} {ergonomic}
     bool UseG1GC                                  = true                                      {product} {ergonomic}
     bool UseLargePagesIndividualAllocation        = false                                  {pd product} {ergonomic}

Logging:
Log output configuration:
 #0: stdout all=warning uptime,level,tags foldmultilines=false
 #1: stderr all=off uptime,level,tags foldmultilines=false

Environment Variables:
JAVA_HOME=C:\Program Files\Java\jdk-18.0.2.1
CLASSPATH=C:\Users\leonardo.dorneles\Desktop\blueberry\p4gram\android\\gradle\wrapper\gradle-wrapper.jar
PATH=C:\Users\leonardo.dorneles\Desktop\blueberry\p4gram\android\node_modules\.bin;C:\Users\leonardo.dorneles\Desktop\blueberry\p4gram\node_modules\.bin;C:\Users\leonardo.dorneles\Desktop\blueberry\node_modules\.bin;C:\Users\leonardo.dorneles\Desktop\node_modules\.bin;C:\Users\leonardo.dorneles\node_modules\.bin;C:\Users\node_modules\.bin;C:\node_modules\.bin;C:\Program Files\nodejs;C:\Users\leonardo.dorneles\Desktop\blueberry\p4gram\node_modules\.bin;C:\Users\leonardo.dorneles\Desktop\blueberry\p4gram\node_modules\.bin;C:\Users\leonardo.dorneles\Desktop\blueberry\node_modules\.bin;C:\Users\leonardo.dorneles\Desktop\node_modules\.bin;C:\Users\leonardo.dorneles\node_modules\.bin;C:\Users\node_modules\.bin;C:\node_modules\.bin;C:\Program Files\nodejs\node_modules\npm\node_modules\@npmcli\run-script\lib\node-gyp-bin;C:\Program Files\Python311\Scripts\;C:\Program Files\Python311\;C:\Python311\Scripts\;C:\Python311\;C:\Program Files\Common Files\Oracle\Java\javapath;C:\Program Files (x86)\Common Files\Oracle\Java\javapath;C:\Windows\system32;C:\Windows;C:\Windows\System32\Wbem;C:\Windows\System32\WindowsPowerShell\v1.0\;C:\Windows\System32\OpenSSH\;C:\Program Files\Java\jdk-18.0.2.1\bin;C:\apache-maven-3.8.6\bin;C:\Users\leonardo.dorneles\AppData\Local\Android\Sdk\platform-tools;C:\ProgramData\chocolatey\bin;C:\Program Files\Git\cmd;C:\Program Files\Docker\Docker\resources\bin;C:\Program Files\nodejs\;C:\Users\leonardo.dorneles\AppData\Local\Microsoft\WindowsApps;;C:\Users\leonardo.dorneles\AppData\Local\Programs\Microsoft VS Code\bin;C:\Users\leonardo.dorneles\AppData\Roaming\npm
USERNAME=leonardo.dorneles
OS=Windows_NT
PROCESSOR_IDENTIFIER=Intel64 Family 6 Model 126 Stepping 5, GenuineIntel



---------------  S Y S T E M  ---------------

OS:
 Windows 10 , 64 bit Build 19041 (10.0.19041.2546)
OS uptime: 0 days 21:20 hours
Hyper-V role detected

CPU: total 8 (initial active 8) (4 cores per cpu, 2 threads per core) family 6 model 126 stepping 5 microcode 0xb0, cx8, cmov, fxsr, ht, mmx, 3dnowpref, sse, sse2, sse3, ssse3, sse4.1, sse4.2, popcnt, lzcnt, tsc, tscinvbit, avx, avx2, aes, erms, clmul, bmi1, bmi2, adx, avx512f, avx512dq, avx512cd, avx512bw, avx512vl, sha, fma, vzeroupper, avx512_vpopcntdq, avx512_vpclmulqdq, avx512_vaes, avx512_vnni, clflush, clflushopt, avx512_vbmi2, avx512_vbmi, hv

Memory: 4k page, system-wide physical 7880M (305M free)
TotalPageFile size 21150M (AvailPageFile size 0M)
current process WorkingSet (physical memory assigned to process): 35M, peak: 35M
current process commit charge ("private bytes"): 141M, peak: 141M

vm_info: Java HotSpot(TM) 64-Bit Server VM (18.0.2.1+1-1) for windows-amd64 JRE (18.0.2.1+1-1), built on Aug 16 2022 01:46:33 by "mach5one" with MS VC++ 16.8 / 16.9 (VS2019)

END.
